1706285751,99,[AnimeKaizoku] Hunter x Hunter - 034 - Power x To x Avenge (720p BD x265 10bit Dual Audio) [dedsec],/mnt/F2841D0B841CD3C7/ANIME/Series/Hunter x Hunter(2011) 720p BD Dual Audio [dedsec]/Volume 3/034. Power x To x Avenge.mkv,236
1706285810,99,[AnimeKaizoku] Hunter x Hunter - 034 - Power x To x Avenge (720p BD x265 10bit Dual Audio) [dedsec],/mnt/F2841D0B841CD3C7/ANIME/Series/Hunter x Hunter(2011) 720p BD Dual Audio [dedsec]/Volume 3/034. Power x To x Avenge.mkv,236
1706286000,99,[AnimeKaizoku] Hunter x Hunter - 034 - Power x To x Avenge (720p BD x265 10bit Dual Audio) [dedsec],/mnt/F2841D0B841CD3C7/ANIME/Series/Hunter x Hunter(2011) 720p BD Dual Audio [dedsec]/Volume 3/034. Power x To x Avenge.mkv,236
1706286087,99,[AnimeKaizoku] Hunter x Hunter - 033 - An x Empty x Threat (720p BD x265 10bit Dual Audio) [dedsec],/mnt/F2841D0B841CD3C7/ANIME/Series/Hunter x Hunter(2011) 720p BD Dual Audio [dedsec]/Volume 3/033. An x Empty x Threat.mkv,236
1706286716,99,[AnimeKaizoku] Hunter x Hunter - 034 - Power x To x Avenge (720p BD x265 10bit Dual Audio) [dedsec],/mnt/F2841D0B841CD3C7/ANIME/Series/Hunter x Hunter(2011) 720p BD Dual Audio [dedsec]/Volume 3/034. Power x To x Avenge.mkv,236
1706286773,97,[AnimeKaizoku] Hunter x Hunter - 035 - The x True x Pass (720p BD x265 10bit Dual Audio) [dedsec],/mnt/F2841D0B841CD3C7/ANIME/Series/Hunter x Hunter(2011) 720p BD Dual Audio [dedsec]/Volume 3/035. The x True x Pass.mkv,232
1706286806,99,[AnimeKaizoku] Hunter x Hunter - 033 - An x Empty x Threat (720p BD x265 10bit Dual Audio) [dedsec],/mnt/F2841D0B841CD3C7/ANIME/Series/Hunter x Hunter(2011) 720p BD Dual Audio [dedsec]/Volume 3/033. An x Empty x Threat.mkv,236
1706287100,99,[AnimeKaizoku] Hunter x Hunter - 034 - Power x To x Avenge (720p BD x265 10bit Dual Audio) [dedsec],/mnt/F2841D0B841CD3C7/ANIME/Series/Hunter x Hunter(2011) 720p BD Dual Audio [dedsec]/Volume 3/034. Power x To x Avenge.mkv,236
1706353060,111,[AnimeKaizoku] Hunter x Hunter - 036 - A Big Debt x And x A Small Kick (720p BD x265 10bit Dual Audio) [dedsec],/mnt/F2841D0B841CD3C7/ANIME/Series/Hunter x Hunter(2011) 720p BD Dual Audio [dedsec]/Volume 3/036. A Big Debt x And x A Small Kick.mkv,261
1706353157,96,[AnimeKaizoku] Hunter x Hunter - 037 - Ging x And x Gon (720p BD x265 10bit Dual Audio) [dedsec],/mnt/F2841D0B841CD3C7/ANIME/Series/Hunter x Hunter(2011) 720p BD Dual Audio [dedsec]/Volume 3/037. Ging x And x Gon.mkv,230
1706353570,98,[AnimeKaizoku] Hunter x Hunter - 038 - Reply x From x Dad (720p BD x265 10bit Dual Audio) [dedsec],/mnt/F2841D0B841CD3C7/ANIME/Series/Hunter x Hunter(2011) 720p BD Dual Audio [dedsec]/Volume 3/038. Reply x From x Dad.mkv,234
1706353985,111,[AnimeKaizoku] Hunter x Hunter - 036 - A Big Debt x And x A Small Kick (720p BD x265 10bit Dual Audio) [dedsec],/mnt/F2841D0B841CD3C7/ANIME/Series/Hunter x Hunter(2011) 720p BD Dual Audio [dedsec]/Volume 3/036. A Big Debt x And x A Small Kick.mkv,261
1706354171,111,[AnimeKaizoku] Hunter x Hunter - 036 - A Big Debt x And x A Small Kick (720p BD x265 10bit Dual Audio) [dedsec],/mnt/F2841D0B841CD3C7/ANIME/Series/Hunter x Hunter(2011) 720p BD Dual Audio [dedsec]/Volume 3/036. A Big Debt x And x A Small Kick.mkv,261
1706355647,96,[AnimeKaizoku] Hunter x Hunter - 037 - Ging x And x Gon (720p BD x265 10bit Dual Audio) [dedsec],/mnt/F2841D0B841CD3C7/ANIME/Series/Hunter x Hunter(2011) 720p BD Dual Audio [dedsec]/Volume 3/037. Ging x And x Gon.mkv,230
1706363978,96,[AnimeKaizoku] Hunter x Hunter - 037 - Ging x And x Gon (720p BD x265 10bit Dual Audio) [dedsec],/mnt/F2841D0B841CD3C7/ANIME/Series/Hunter x Hunter(2011) 720p BD Dual Audio [dedsec]/Volume 3/037. Ging x And x Gon.mkv,230
1706364006,102,[AnimeKaizoku] Attack on Titan - 03 - A Dim Light Amid Despair (720p BD x265 10bit Dual Audio)[dedsec],/mnt/3670E43F70E40807/ANIME/Attack On Titan (Shingeki no Kyojin)/Attack on Titan 720p BD Dual Audio [dedsec]/03. Shining Dimly in the Midst of Despair.mkv,272
1706370332,102,[AnimeKaizoku] Attack on Titan - 03 - A Dim Light Amid Despair (720p BD x265 10bit Dual Audio)[dedsec],/mnt/3670E43F70E40807/ANIME/Attack On Titan (Shingeki no Kyojin)/Attack on Titan 720p BD Dual Audio [dedsec]/03. Shining Dimly in the Midst of Despair.mkv,272
1706373428,25,The Martian 2015 GOPISAHI,/mnt/BAD011B7D0117B39/ENGLISH MOVIES/The.Martian.2015.720p.Dual.Audio.Hin-Eng.MoviesFlixPro.in.mkv,138
1706373736,108,[AnimeKaizoku] Black Clover - 123. Nero Reminiscences... Part 1 (720p BD x265 10bit Dual Audio) [DemonAlpha],/mnt/BAD011B7D0117B39/.Trash-1000/files/123.+Nero+Reminiscences...+Part+1.mkv,201
1706446428,100,[AnimeKaizoku] Hunter x Hunter - 039 - Wish x And x Promise (720p BD x265 10bit Dual Audio) [dedsec],/mnt/F2841D0B841CD3C7/ANIME/Series/Hunter x Hunter(2011) 720p BD Dual Audio [dedsec]/Volume 3/039. Wish x And x Promise.mkv,239
1706446789,100,[AnimeKaizoku] Hunter x Hunter - 039 - Wish x And x Promise (720p BD x265 10bit Dual Audio) [dedsec],/mnt/F2841D0B841CD3C7/ANIME/Series/Hunter x Hunter(2011) 720p BD Dual Audio [dedsec]/Volume 3/039. Wish x And x Promise.mkv,239
1706455079,99,[AnimeKaizoku] Hunter x Hunter - 040 - Nen x Users x Unite (720p BD x265 10bit Dual Audio) [dedsec],/mnt/F2841D0B841CD3C7/ANIME/Series/Hunter x Hunter(2011) 720p BD Dual Audio [dedsec]/Volume 3/040. Nen x Users x Unite.mkv,236
1706455210,103,[AnimeKaizoku] Hunter x Hunter - 041 - Gathering x Of x Heroes (720p BD x265 10bit Dual Audio) [dedsec],/mnt/F2841D0B841CD3C7/ANIME/Series/Hunter x Hunter(2011) 720p BD Dual Audio [dedsec]/Volume 3/041. Gathering x Of x Heroes.mkv,245
1706455259,103,[AnimeKaizoku] Hunter x Hunter - 041 - Gathering x Of x Heroes (720p BD x265 10bit Dual Audio) [dedsec],/mnt/F2841D0B841CD3C7/ANIME/Series/Hunter x Hunter(2011) 720p BD Dual Audio [dedsec]/Volume 3/041. Gathering x Of x Heroes.mkv,245
1706455362,101,[AnimeKaizoku] Hunter x Hunter - 042 - Defend x and x Attack (720p BD x265 10bit Dual Audio) [dedsec],/mnt/F2841D0B841CD3C7/ANIME/Series/Hunter x Hunter(2011) 720p BD Dual Audio [dedsec]/Volume 3/042. Defend x and x Attack.mkv,241
1706458982,103,[AnimeKaizoku] Hunter x Hunter - 041 - Gathering x Of x Heroes (720p BD x265 10bit Dual Audio) [dedsec],/mnt/F2841D0B841CD3C7/ANIME/Series/Hunter x Hunter(2011) 720p BD Dual Audio [dedsec]/Volume 3/041. Gathering x Of x Heroes.mkv,245
1706476017,103,[AnimeKaizoku] Hunter x Hunter - 041 - Gathering x Of x Heroes (720p BD x265 10bit Dual Audio) [dedsec],/mnt/F2841D0B841CD3C7/ANIME/Series/Hunter x Hunter(2011) 720p BD Dual Audio [dedsec]/Volume 3/041. Gathering x Of x Heroes.mkv,245
1706477391,101,[AnimeKaizoku] Hunter x Hunter - 042 - Defend x and x Attack (720p BD x265 10bit Dual Audio) [dedsec],/mnt/F2841D0B841CD3C7/ANIME/Series/Hunter x Hunter(2011) 720p BD Dual Audio [dedsec]/Volume 3/042. Defend x and x Attack.mkv,241
1706477550,101,[AnimeKaizoku] Hunter x Hunter - 042 - Defend x and x Attack (720p BD x265 10bit Dual Audio) [dedsec],/mnt/F2841D0B841CD3C7/ANIME/Series/Hunter x Hunter(2011) 720p BD Dual Audio [dedsec]/Volume 3/042. Defend x and x Attack.mkv,241
1706477625,103,[AnimeKaizoku] Hunter x Hunter - 041 - Gathering x Of x Heroes (720p BD x265 10bit Dual Audio) [dedsec],/mnt/F2841D0B841CD3C7/ANIME/Series/Hunter x Hunter(2011) 720p BD Dual Audio [dedsec]/Volume 3/041. Gathering x Of x Heroes.mkv,245
1706514244,101,[AnimeKaizoku] Hunter x Hunter - 042 - Defend x and x Attack (720p BD x265 10bit Dual Audio) [dedsec],/mnt/F2841D0B841CD3C7/ANIME/Series/Hunter x Hunter(2011) 720p BD Dual Audio [dedsec]/Volume 3/042. Defend x and x Attack.mkv,241
1706514347,101,[AnimeKaizoku] Hunter x Hunter - 042 - Defend x and x Attack (720p BD x265 10bit Dual Audio) [dedsec],/mnt/F2841D0B841CD3C7/ANIME/Series/Hunter x Hunter(2011) 720p BD Dual Audio [dedsec]/Volume 3/042. Defend x and x Attack.mkv,241
1706523784,102,[AnimeKaizoku] Hunter x Hunter - 043 - A x Shocking x Tragedy (720p BD x265 10bit Dual Audio) [dedsec],/mnt/F2841D0B841CD3C7/ANIME/Series/Hunter x Hunter(2011) 720p BD Dual Audio [dedsec]/Volume 3/043. A x Shocking x Tragedy.mkv,243
1706524245,110,[AnimeKaizoku] Hunter x Hunter - 044 - Buildup x To A x Fierce Battle (720p BD x265 10bit Dual Audio) [dedsec],/mnt/F2841D0B841CD3C7/ANIME/Series/Hunter x Hunter(2011) 720p BD Dual Audio [dedsec]/Volume 3/044. Buildup x To A x Fierce Battle.mkv,259
1706524377,101,[AnimeKaizoku] Hunter x Hunter - 045 - Restraint x And x Vow (720p BD x265 10bit Dual Audio) [dedsec],/mnt/F2841D0B841CD3C7/ANIME/Series/Hunter x Hunter(2011) 720p BD Dual Audio [dedsec]/Volume 3/045. Restraint x And x Vow.mkv,241
1706524478,103,[AnimeKaizoku] Hunter x Hunter - 046 - Chasing x and x Waiting (720p BD x265 10bit Dual Audio) [dedsec],/mnt/F2841D0B841CD3C7/ANIME/Series/Hunter x Hunter(2011) 720p BD Dual Audio [dedsec]/Volume 3/046. Chasing x and x Waiting.mkv,245
1706524544,107,[AnimeKaizoku] Hunter x Hunter - 047 - Condition x and x Condition (720p BD x265 10bit Dual Audio) [dedsec],/mnt/F2841D0B841CD3C7/ANIME/Series/Hunter x Hunter(2011) 720p BD Dual Audio [dedsec]/Volume 3/047. Condition x and x Condition.mkv,253
1706524684,107,[AnimeKaizoku] Hunter x Hunter - 047 - Condition x and x Condition (720p BD x265 10bit Dual Audio) [dedsec],/mnt/F2841D0B841CD3C7/ANIME/Series/Hunter x Hunter(2011) 720p BD Dual Audio [dedsec]/Volume 3/047. Condition x and x Condition.mkv,253
1706532039,102,[AnimeKaizoku] Hunter x Hunter - 043 - A x Shocking x Tragedy (720p BD x265 10bit Dual Audio) [dedsec],/mnt/F2841D0B841CD3C7/ANIME/Series/Hunter x Hunter(2011) 720p BD Dual Audio [dedsec]/Volume 3/043. A x Shocking x Tragedy.mkv,243
1706540636,101,[AnimeKaizoku] Hunter x Hunter - 042 - Defend x and x Attack (720p BD x265 10bit Dual Audio) [dedsec],/mnt/F2841D0B841CD3C7/ANIME/Series/Hunter x Hunter(2011) 720p BD Dual Audio [dedsec]/Volume 3/042. Defend x and x Attack.mkv,241
1706544601,107,[AnimeKaizoku] Hunter x Hunter - 047 - Condition x and x Condition (720p BD x265 10bit Dual Audio) [dedsec],/mnt/F2841D0B841CD3C7/ANIME/Series/Hunter x Hunter(2011) 720p BD Dual Audio [dedsec]/Volume 3/047. Condition x and x Condition.mkv,253
1706612626,107,[AnimeKaizoku] Hunter x Hunter - 047 - Condition x and x Condition (720p BD x265 10bit Dual Audio) [dedsec],/mnt/F2841D0B841CD3C7/ANIME/Series/Hunter x Hunter(2011) 720p BD Dual Audio [dedsec]/Volume 3/047. Condition x and x Condition.mkv,253
1706614683,107,[AnimeKaizoku] Hunter x Hunter - 047 - Condition x and x Condition (720p BD x265 10bit Dual Audio) [dedsec],/mnt/F2841D0B841CD3C7/ANIME/Series/Hunter x Hunter(2011) 720p BD Dual Audio [dedsec]/Volume 3/047. Condition x and x Condition.mkv,253
1706614785,107,[AnimeKaizoku] Hunter x Hunter - 047 - Condition x and x Condition (720p BD x265 10bit Dual Audio) [dedsec],/mnt/F2841D0B841CD3C7/ANIME/Series/Hunter x Hunter(2011) 720p BD Dual Audio [dedsec]/Volume 3/047. Condition x and x Condition.mkv,253
1706614901,98,[AnimeKaizoku] Hunter x Hunter - 048 - Very x Sharp x Eye (720p BD x265 10bit Dual Audio) [dedsec],/mnt/F2841D0B841CD3C7/ANIME/Series/Hunter x Hunter(2011) 720p BD Dual Audio [dedsec]/Volume 3/048. Very x Sharp x Eye.mkv,234
1706619921,98,[AnimeKaizoku] Hunter x Hunter - 048 - Very x Sharp x Eye (720p BD x265 10bit Dual Audio) [dedsec],/mnt/F2841D0B841CD3C7/ANIME/Series/Hunter x Hunter(2011) 720p BD Dual Audio [dedsec]/Volume 3/048. Very x Sharp x Eye.mkv,234
1706627203,98,[AnimeKaizoku] Hunter x Hunter - 048 - Very x Sharp x Eye (720p BD x265 10bit Dual Audio) [dedsec],/mnt/F2841D0B841CD3C7/ANIME/Series/Hunter x Hunter(2011) 720p BD Dual Audio [dedsec]/Volume 3/048. Very x Sharp x Eye.mkv,234
1706627310,104,[AnimeKaizoku] Hunter x Hunter - 049 - Pursuit x and x Analysis (720p BD x265 10bit Dual Audio) [dedsec],/mnt/F2841D0B841CD3C7/ANIME/Series/Hunter x Hunter(2011) 720p BD Dual Audio [dedsec]/Volume 3/049. Pursuit x and x Analysis.mkv,247
1706637767,104,[AnimeKaizoku] Hunter x Hunter - 049 - Pursuit x and x Analysis (720p BD x265 10bit Dual Audio) [dedsec],/mnt/F2841D0B841CD3C7/ANIME/Series/Hunter x Hunter(2011) 720p BD Dual Audio [dedsec]/Volume 3/049. Pursuit x and x Analysis.mkv,247
1706637962,104,[AnimeKaizoku] Hunter x Hunter - 049 - Pursuit x and x Analysis (720p BD x265 10bit Dual Audio) [dedsec],/mnt/F2841D0B841CD3C7/ANIME/Series/Hunter x Hunter(2011) 720p BD Dual Audio [dedsec]/Volume 3/049. Pursuit x and x Analysis.mkv,247
1706638109,98,[AnimeKaizoku] Hunter x Hunter - 050 - Ally x and x Sword (720p BD x265 10bit Dual Audio) [dedsec],/mnt/F2841D0B841CD3C7/ANIME/Series/Hunter x Hunter(2011) 720p BD Dual Audio [dedsec]/Volume 3/050. Ally x and x Sword.mkv,234
1706640600,98,[AnimeKaizoku] Hunter x Hunter - 048 - Very x Sharp x Eye (720p BD x265 10bit Dual Audio) [dedsec],/mnt/F2841D0B841CD3C7/ANIME/Series/Hunter x Hunter(2011) 720p BD Dual Audio [dedsec]/Volume 3/048. Very x Sharp x Eye.mkv,234
1706640723,107,[AnimeKaizoku] Hunter x Hunter - 047 - Condition x and x Condition (720p BD x265 10bit Dual Audio) [dedsec],/mnt/F2841D0B841CD3C7/ANIME/Series/Hunter x Hunter(2011) 720p BD Dual Audio [dedsec]/Volume 3/047. Condition x and x Condition.mkv,253
1706640860,107,[AnimeKaizoku] Hunter x Hunter - 047 - Condition x and x Condition (720p BD x265 10bit Dual Audio) [dedsec],/mnt/F2841D0B841CD3C7/ANIME/Series/Hunter x Hunter(2011) 720p BD Dual Audio [dedsec]/Volume 3/047. Condition x and x Condition.mkv,253
1706640988,107,[AnimeKaizoku] Hunter x Hunter - 047 - Condition x and x Condition (720p BD x265 10bit Dual Audio) [dedsec],/mnt/F2841D0B841CD3C7/ANIME/Series/Hunter x Hunter(2011) 720p BD Dual Audio [dedsec]/Volume 3/047. Condition x and x Condition.mkv,253
1706646211,104,[AnimeKaizoku] Hunter x Hunter - 051 - A x Brutal x Battlefield (720p BD x265 10bit Dual Audio) [dedsec],/mnt/F2841D0B841CD3C7/ANIME/Series/Hunter x Hunter(2011) 720p BD Dual Audio [dedsec]/Volume 4/051. A x Brutal x Battlefield.mkv,247
1706646342,104,[AnimeKaizoku] Hunter x Hunter - 051 - A x Brutal x Battlefield (720p BD x265 10bit Dual Audio) [dedsec],/mnt/F2841D0B841CD3C7/ANIME/Series/Hunter x Hunter(2011) 720p BD Dual Audio [dedsec]/Volume 4/051. A x Brutal x Battlefield.mkv,247
1706646429,104,[AnimeKaizoku] Hunter x Hunter - 051 - A x Brutal x Battlefield (720p BD x265 10bit Dual Audio) [dedsec],/mnt/F2841D0B841CD3C7/ANIME/Series/Hunter x Hunter(2011) 720p BD Dual Audio [dedsec]/Volume 4/051. A x Brutal x Battlefield.mkv,247
1706689233,104,[AnimeKaizoku] Hunter x Hunter - 052 - Assault × And × Impact (720p BD x265 10bit Dual Audio) [dedsec],/mnt/F2841D0B841CD3C7/ANIME/Series/Hunter x Hunter(2011) 720p BD Dual Audio [dedsec]/Volume 4/052. Assault × And × Impact.mkv,247
1706689473,104,[AnimeKaizoku] Hunter x Hunter - 052 - Assault × And × Impact (720p BD x265 10bit Dual Audio) [dedsec],/mnt/F2841D0B841CD3C7/ANIME/Series/Hunter x Hunter(2011) 720p BD Dual Audio [dedsec]/Volume 4/052. Assault × And × Impact.mkv,247
1706691842,99,[AnimeKaizoku] Hunter x Hunter - 053 - Fake x And x Psyche (720p BD x265 10bit Dual Audio) [dedsec],/mnt/F2841D0B841CD3C7/ANIME/Series/Hunter x Hunter(2011) 720p BD Dual Audio [dedsec]/Volume 4/053. Fake x And x Psyche.mkv,236
1706694537,105,[AnimeKaizoku] Hunter x Hunter - 054 - Fortunes x Aren't x Right (720p BD x265 10bit Dual Audio) [dedsec],/mnt/F2841D0B841CD3C7/ANIME/Series/Hunter x Hunter(2011) 720p BD Dual Audio [dedsec]/Volume 4/054. Fortunes x Aren't x Right.mkv,249
1706696431,99,[AnimeKaizoku] Hunter x Hunter - 055 - Allies x And x Lies (720p BD x265 10bit Dual Audio) [dedsec],/mnt/F2841D0B841CD3C7/ANIME/Series/Hunter x Hunter(2011) 720p BD Dual Audio [dedsec]/Volume 4/055. Allies x And x Lies.mkv,236
1706703848,99,[AnimeKaizoku] Hunter x Hunter - 055 - Allies x And x Lies (720p BD x265 10bit Dual Audio) [dedsec],/mnt/F2841D0B841CD3C7/ANIME/Series/Hunter x Hunter(2011) 720p BD Dual Audio [dedsec]/Volume 4/055. Allies x And x Lies.mkv,236
1706714508,107,[AnimeKaizoku] Hunter x Hunter - 056 - Beloved x And x Beleaguered (720p BD x265 10bit Dual Audio) [dedsec],/mnt/F2841D0B841CD3C7/ANIME/Series/Hunter x Hunter(2011) 720p BD Dual Audio [dedsec]/Volume 4/056. Beloved x And x Beleaguered.mkv,253
1706714628,107,[AnimeKaizoku] Hunter x Hunter - 056 - Beloved x And x Beleaguered (720p BD x265 10bit Dual Audio) [dedsec],/mnt/F2841D0B841CD3C7/ANIME/Series/Hunter x Hunter(2011) 720p BD Dual Audio [dedsec]/Volume 4/056. Beloved x And x Beleaguered.mkv,253
1706716189,102,[AnimeKaizoku] Hunter x Hunter - 057 - Initiative x And x Law (720p BD x265 10bit Dual Audio) [dedsec],/mnt/F2841D0B841CD3C7/ANIME/Series/Hunter x Hunter(2011) 720p BD Dual Audio [dedsec]/Volume 4/057. Initiative x And x Law.mkv,243
1706768866,101,[AnimeKaizoku] Hunter x Hunter - 058 - Signal x To x Retreat (720p BD x265 10bit Dual Audio) [dedsec],/mnt/F2841D0B841CD3C7/ANIME/Series/Hunter x Hunter(2011) 720p BD Dual Audio [dedsec]/Volume 4/058. Signal x To x Retreat.mkv,241
1706768937,101,[AnimeKaizoku] Hunter x Hunter - 058 - Signal x To x Retreat (720p BD x265 10bit Dual Audio) [dedsec],/mnt/F2841D0B841CD3C7/ANIME/Series/Hunter x Hunter(2011) 720p BD Dual Audio [dedsec]/Volume 4/058. Signal x To x Retreat.mkv,241
1706867884,,,/home/rif/Downloads/Video/Solo Leveling 1.mp4,58
1706868048,13,MoviesMod.org,/home/rif/Downloads/Video/Vigilante 2023/Vigilante.S01E01.720p.10bit.Korean.Esubs.MoviesMod.org.mkv,127
1706868064,13,MoviesMod.org,/home/rif/Downloads/Video/Vigilante 2023/Vigilante.S01E02.720p.10bit.Korean.Esubs.MoviesMod.org.mkv,127
1706868149,13,MoviesMod.org,/home/rif/Downloads/Video/Vigilante 2023/Vigilante.S01E01.720p.10bit.Korean.Esubs.MoviesMod.org.mkv,127
1706951056,,,/mnt/3670E43F70E40807/ANIME/Attack On Titan (Shingeki no Kyojin)/Attack on Titan 720p BD Dual Audio [dedsec]/04. Night of the Disbanding.mp4,153
1706997234,,,/home/rif/Documents/Backup of Xiaomi phone storage/Telegram/Telegram Documents/5_6237574668904039903.mp4,117
1706997275,,,/home/rif/Documents/Backup of Xiaomi phone storage/Telegram/Telegram Documents/5_6237574668904039904.mp4,117
1706997325,,,/home/rif/Documents/Backup of Xiaomi phone storage/Telegram/Telegram Documents/5_6237574668904039905.mp4,117
1706997340,,,/home/rif/Documents/Backup of Xiaomi phone storage/Telegram/Telegram Documents/5_6237574668904039906.mp4,117
1706997392,,,/home/rif/Documents/Backup of Xiaomi phone storage/Telegram/Telegram Documents/5_6237574668904039907.mp4,117
1706997621,,,/home/rif/Documents/Backup of Xiaomi phone storage/videobuddy/download/WebSeries.S1 • E1  Black Coffee.mkv.vbmv,129
1706998000,,,/home/rif/Downloads/Video/Long legs sex with tempting Emma Magnolia from UP CLOSE - PerfectGirls.XXX.mp4,117
1707077635,101,[AnimeKaizoku] Hunter x Hunter - 060 - End x And x Beginning (720p BD x265 10bit Dual Audio) [dedsec],/mnt/F2841D0B841CD3C7/ANIME/Series/Hunter x Hunter(2011) 720p BD Dual Audio [dedsec]/Volume 4/060. End x And x Beginning.mp4,241
1707080872,,,/home/rif/Downloads/Video/Watch Kakumeiki Valvrave Episode 9 for free on gogoanime.mp4,99
1707080949,,,/home/rif/Downloads/Video/Watch Kakumeiki Valvrave Episode 7 for free on gogoanime.mp4,99
1707080967,,,/home/rif/Downloads/Video/Watch Valvrave the Liberator Episode 1 Online Free _ KissAnime.mp4,105
1707081087,,,/home/rif/Downloads/Video/Watch Kakumeiki Valvrave Episode 9 for free on gogoanime.mp4,99
1707081200,,,/home/rif/Downloads/Video/Watch Kakumeiki Valvrave Episode 6 for free on gogoanime.mp4,99
1707128849,,,/home/rif/Downloads/Video/Watch Demon Slayer: Kimetsu no Yaiba Swordsmith Village Arc English Sub_Dub online Free on Aniwatch.to.ts,144
1707129225,,,/home/rif/Downloads/Video/Demon Slayer: Kimetsu no Yaiba Swordsmith Village Arc English Sub_Dub online Free on Aniwatch.to.mp4,139
1707250080,,,/mnt/3670E43F70E40807/ANIME/We Never Learn (BOKUBEN)/We Never Learn(BOKUBEN) S2/Bokuben S2 Episode 06.mp4,118
1707252418,82,[AnimeKaizoku] Attack on Titan - 11 - Idol (720p BD x265 10bit Dual Audio)[dedsec],/mnt/3670E43F70E40807/ANIME/Attack On Titan (Shingeki no Kyojin)/Attack on Titan 720p BD Dual Audio [dedsec]/11. Idol.mkv,218
1707532236,97,[AnimeKaizoku] Hunter x Hunter - 059 - Bid x And x Haste (720p BD x265 10bit Dual Audio) [dedsec],/mnt/F2841D0B841CD3C7/ANIME/Series/Hunter x Hunter(2011) 720p BD Dual Audio [dedsec]/Volume 4/059. Bid x And x Haste.mkv,232
1707638263,,,/home/rif/Downloads/Video/Kazuya Proposes! Chapter 316 Motion Comic! : r_KanojoOkarishimasu.mkv,108
1707639581,,,/home/rif/Downloads/Video/Naomi Soraya : u_Pristine-Advantage63.mkv,80
1707650969,,,/home/rif/Downloads/Video/Naomi Soraya : u_Pristine-Advantage63.mkv,80
1707849860,,,/home/rif/Downloads/Video/New Game! Episode 1.mp4,62
1707850391,,,/home/rif/Downloads/Video/New Game! Episode 1.ts,61
1707921136,,,/home/rif/Downloads/Video/New Game! Episode 3.mp4,62
1707921197,,,/home/rif/Downloads/Video/New Game! Episode 4.mp4,62
1708107244,,,/home/rif/Downloads/Telegram Desktop/[BlackedRaw] Paige Owens - First Time X3 (12.03.2020).mp4,107
1708160074,,,/home/rif/Documents/Git Repos/MoneyPrinter/temp/0c129c8b-bd29-428e-ac72-79f2fc7c05a1.mp4,101
1708160946,,,/home/rif/Documents/Git Repos/MoneyPrinter/temp/928aca21-99c3-48a2-9ee9-fe455e475508.mp4,101
1708178718,,,/home/rif/Documents/Git Repos/MoneyPrinter/temp/6c2f8bd6-26c8-44e4-b34a-5f19337d2573.mp4,101
1708284069,,,/home/rif/Downloads/Video/New Game! Episode 9.mp4,62
1708289789,,,/home/rif/Downloads/Video/New Game! Episode 9.mp4,62
1708426958,,,/run/media/rif/4a6afa98-858f-4012-903a-800541a22b79/home/chrono/Downloads/Files of manjaro dead/Pictures/how to win with black in chess.mp4,152
1708447106,,,/home/rif/Downloads/Video/Hajimete no Hitozuma Episode 6 - Animeidhentai.mp4,89
1708527650,,,/home/rif/Downloads/Video/New Game! Episode 12.mp4,63
1708527674,,,/home/rif/Downloads/Video/Solo Leveling 1.mp4,58
1708625496,,,/home/rif/Downloads/Video/New Game!! Episode 1.mkv,63
1708871176,,,/home/rif/Downloads/Video/Joey_McKur (u_Joey_McKur) - Reddit.mkv,77
1708871536,,,/home/rif/Downloads/Video/Rifat_NixOs_Hyprland_rice.mkv,68
1708945679,,,/home/rif/Downloads/Video/New Game!! Episode 2.mp4,63
1708945706,101,[AnimeKaizoku] Hunter x Hunter - 060 - End x And x Beginning (720p BD x265 10bit Dual Audio) [dedsec],/mnt/F2841D0B841CD3C7/ANIME/Series/Hunter x Hunter(2011) 720p BD Dual Audio [dedsec]/Volume 4/060. End x And x Beginning.mkv,241
1708947312,105,[AnimeKaizoku] Hunter x Hunter - 061 - Invitation x And x Friend (720p BD x265 10bit Dual Audio) [dedsec],/mnt/F2841D0B841CD3C7/ANIME/Series/Hunter x Hunter(2011) 720p BD Dual Audio [dedsec]/Volume 4/061. Invitation x And x Friend.mkv,249
1709239186,,,/home/rif/Downloads/Video/xvideos.com_ebd19f800a48b89525f9698983f768ec-2.mp4.ts,92
1709239291,,,/home/rif/Downloads/Video/xvideos.com_ebd19f800a48b89525f9698983f768ec-2.mp4.mp4,93
1709239426,,,/home/rif/Downloads/Video/xvideos.com_ebd19f800a48b89525f9698983f768ec-2.mp4-converted.mp4,103
1709480928,13,MoviesMod.org,/home/rif/Downloads/Video/Vigilante 2023/Vigilante.S01E01.720p.10bit.Korean.Esubs.MoviesMod.org.mkv,127
1709482156,13,MoviesMod.org,/home/rif/Downloads/Video/Vigilante 2023/Vigilante.S01E02.720p.10bit.Korean.Esubs.MoviesMod.org.mkv,127
1709483285,,,/home/rif/Downloads/Video/(302) Nixos 1: Playing with Nixos in VirtualBox - just to learn a bit - YouTube.mkv,122
1709607099,,,/home/rif/Downloads/Video/(302) Nixos 2: Installing Nixos on any of my computers - workflow - git clone - plasma - YouTube.mkv,139
1709608554,,,/home/rif/Downloads/Video/(302) Nixos 2: Installing Nixos on any of my computers - workflow - git clone - plasma - YouTube.mkv,139
1709613083,,,/home/rif/Downloads/Video/(302) Nixos 2: Installing Nixos on any of my computers - workflow - git clone - plasma - YouTube.mkv,139
