{
    "applicationVersion": {
        "data": {
            "value": "5.23.4"
        },
        "description": "The version of the application.",
        "telemetryMode": "BasicSystemInformation"
    },
    "platform": {
        "data": {
            "os": "linux",
            "version": "arcolinux"
        },
        "description": "Type and version of the operating system.",
        "telemetryMode": "BasicSystemInformation"
    },
    "qtVersion": {
        "data": {
            "value": "5.15.2"
        },
        "description": "The Qt version used by this application.",
        "telemetryMode": "BasicSystemInformation"
    }
}
