Validating found git in: git
Using git 2.34.1 from git
> git rev-parse --git-dir
Open repository: /home/rifarch/repos/ManjaroXFCE
> git status -z -u
> git check-ignore -v -z --stdin
> git symbolic-ref --short HEAD
> git for-each-ref --format=%(refname)%00%(upstream:short)%00%(objectname)%00%(upstream:track) refs/heads/main refs/remotes/main
> git for-each-ref --sort -committerdate --format %(refname) %(objectname) %(*objectname)
> git remote --verbose
> git config --get commit.template
> git show --textconv :README.md
> git ls-files --stage -- /home/rifarch/repos/ManjaroXFCE/README.md
> git cat-file -s bd01eedbf3424f6ebf289eb2a3a116b3da321bdc
> git show --textconv :README.md
> git ls-files --stage -- /home/rifarch/repos/ManjaroXFCE/README.md
> git cat-file -s bd01eedbf3424f6ebf289eb2a3a116b3da321bdc
> git show --textconv :README.md
> git ls-files --stage -- /home/rifarch/repos/ManjaroXFCE/README.md
> git cat-file -s bd01eedbf3424f6ebf289eb2a3a116b3da321bdc
> git check-ignore -v -z --stdin
> git show --textconv :README.md
> git ls-files --stage -- /home/rifarch/repos/ManjaroXFCE/README.md
> git cat-file -s bd01eedbf3424f6ebf289eb2a3a116b3da321bdc
> git status -z -u
> git symbolic-ref --short HEAD
> git for-each-ref --format=%(refname)%00%(upstream:short)%00%(objectname)%00%(upstream:track) refs/heads/main refs/remotes/main
> git for-each-ref --sort -committerdate --format %(refname) %(objectname) %(*objectname)
> git remote --verbose
> git config --get commit.template
> git status -z -u
> git ls-files --stage -- /home/rifarch/repos/ManjaroXFCE/README.md
> git cat-file -s db91b3d4e8358dc462e721811baf8fdc2e07dd33
> git show --textconv :README.md
> git symbolic-ref --short HEAD
> git for-each-ref --format=%(refname)%00%(upstream:short)%00%(objectname)%00%(upstream:track) refs/heads/main refs/remotes/main
> git for-each-ref --sort -committerdate --format %(refname) %(objectname) %(*objectname)
> git remote --verbose
> git config --get commit.template
> git status -z -u
> git symbolic-ref --short HEAD
> git for-each-ref --format=%(refname)%00%(upstream:short)%00%(objectname)%00%(upstream:track) refs/heads/main refs/remotes/main
> git for-each-ref --sort -committerdate --format %(refname) %(objectname) %(*objectname)
> git remote --verbose
> git config --get commit.template
> git status -z -u
> git symbolic-ref --short HEAD
> git for-each-ref --format=%(refname)%00%(upstream:short)%00%(objectname)%00%(upstream:track) refs/heads/main refs/remotes/main
> git for-each-ref --sort -committerdate --format %(refname) %(objectname) %(*objectname)
> git remote --verbose
> git config --get commit.template
> git log --oneline --cherry main...main@{upstream} --
> git pull --tags origin main
> git ls-files --stage -- /home/rifarch/repos/ManjaroXFCE/README.md
> git cat-file -s db91b3d4e8358dc462e721811baf8fdc2e07dd33
> git show --textconv :README.md
From github.com:ChrolloRifat/ManjaroXFCE
 * branch            main       -> FETCH_HEAD
> git status -z -u
> git symbolic-ref --short HEAD
> git for-each-ref --format=%(refname)%00%(upstream:short)%00%(objectname)%00%(upstream:track) refs/heads/main refs/remotes/main
> git for-each-ref --sort -committerdate --format %(refname) %(objectname) %(*objectname)
> git remote --verbose
> git config --get commit.template
> git ls-files --stage -- /home/rifarch/repos/ManjaroXFCE/README.md
> git cat-file -s db91b3d4e8358dc462e721811baf8fdc2e07dd33
> git show --textconv :README.md
> git status -z -u
> git symbolic-ref --short HEAD
> git for-each-ref --format=%(refname)%00%(upstream:short)%00%(objectname)%00%(upstream:track) refs/heads/main refs/remotes/main
> git for-each-ref --sort -committerdate --format %(refname) %(objectname) %(*objectname)
> git remote --verbose
> git config --get commit.template
> git fetch
> git ls-files --stage -- /home/rifarch/repos/ManjaroXFCE/README.md
> git cat-file -s db91b3d4e8358dc462e721811baf8fdc2e07dd33
> git show --textconv :README.md
> git status -z -u
> git symbolic-ref --short HEAD
> git for-each-ref --format=%(refname)%00%(upstream:short)%00%(objectname)%00%(upstream:track) refs/heads/main refs/remotes/main
> git for-each-ref --sort -committerdate --format %(refname) %(objectname) %(*objectname)
> git remote --verbose
> git config --get commit.template
> git ls-files --stage -- /home/rifarch/repos/ManjaroXFCE/README.md
> git cat-file -s db91b3d4e8358dc462e721811baf8fdc2e07dd33
> git show --textconv :README.md
> git status -z -u
> git symbolic-ref --short HEAD
> git for-each-ref --format=%(refname)%00%(upstream:short)%00%(objectname)%00%(upstream:track) refs/heads/main refs/remotes/main
> git for-each-ref --sort -committerdate --format %(refname) %(objectname) %(*objectname)
> git remote --verbose
> git config --get commit.template
> git status -z -u
> git symbolic-ref --short HEAD
> git for-each-ref --format=%(refname)%00%(upstream:short)%00%(objectname)%00%(upstream:track) refs/heads/main refs/remotes/main
> git for-each-ref --sort -committerdate --format %(refname) %(objectname) %(*objectname)
> git remote --verbose
> git config --get commit.template
> git log --oneline --cherry main...main@{upstream} --
> git pull --tags origin main
> git ls-files --stage -- /home/rifarch/repos/ManjaroXFCE/README.md
> git cat-file -s db91b3d4e8358dc462e721811baf8fdc2e07dd33
> git show --textconv :README.md
From github.com:ChrolloRifat/ManjaroXFCE
 * branch            main       -> FETCH_HEAD
> git status -z -u
> git symbolic-ref --short HEAD
> git for-each-ref --format=%(refname)%00%(upstream:short)%00%(objectname)%00%(upstream:track) refs/heads/main refs/remotes/main
> git for-each-ref --sort -committerdate --format %(refname) %(objectname) %(*objectname)
> git remote --verbose
> git config --get commit.template
> git ls-files --stage -- /home/rifarch/repos/ManjaroXFCE/README.md
> git cat-file -s db91b3d4e8358dc462e721811baf8fdc2e07dd33
> git show --textconv :README.md
> git status -z -u
> git symbolic-ref --short HEAD
> git for-each-ref --format=%(refname)%00%(upstream:short)%00%(objectname)%00%(upstream:track) refs/heads/main refs/remotes/main
> git for-each-ref --sort -committerdate --format %(refname) %(objectname) %(*objectname)
> git remote --verbose
> git config --get commit.template
