kdeinit5: preparing to launch '/usr/lib/kf5/klauncher'
kdeinit5: Launched KLauncher, pid = 904, result = 0
kdeinit5: opened connection to :0
kdeinit5: Got SETENV 'XCURSOR_THEME=Layan-border-cursors' from launcher.
kdeinit5: Got SETENV 'XCURSOR_SIZE=24' from launcher.
kdeinit5: Got SETENV 'GTK_RC_FILES=/etc/gtk/gtkrc:/home/rifarch/.gtkrc:/home/rifarch/.config/gtkrc' from launcher.
kdeinit5: Got SETENV 'GTK2_RC_FILES=/etc/gtk-2.0/gtkrc:/home/rifarch/.gtkrc-2.0:/home/rifarch/.config/gtkrc-2.0' from launcher.
kdeinit5: Got SETENV 'SESSION_MANAGER=local/Vidarch:@/tmp/.ICE-unix/942,unix/Vidarch:/tmp/.ICE-unix/942' from launcher.
kdeinit5: Got SETENV 'SESSION_MANAGER=local/Vidarch:@/tmp/.ICE-unix/942,unix/Vidarch:/tmp/.ICE-unix/942' from launcher.
xsettingsd: Loaded 0 settings from /home/rifarch/.config/xsettingsd/xsettingsd.conf
xsettingsd: Created window 0x2c00001 on screen 0 with timestamp 86835
xsettingsd: Selection _XSETTINGS_S0 is owned by 0x0
xsettingsd: Took ownership of selection _XSETTINGS_S0
xsettingsd: Reloading configuration
xsettingsd: Loaded 11 settings from /home/rifarch/.config/xsettingsd/xsettingsd.conf
xsettingsd: Reloading configuration
xsettingsd: Loaded 11 settings from /home/rifarch/.config/xsettingsd/xsettingsd.conf
xsettingsd: Reloading configuration
xsettingsd: Loaded 11 settings from /home/rifarch/.config/xsettingsd/xsettingsd.conf
xsettingsd: Reloading configuration
xsettingsd: Loaded 11 settings from /home/rifarch/.config/xsettingsd/xsettingsd.conf
xsettingsd: Reloading configuration
xsettingsd: Loaded 11 settings from /home/rifarch/.config/xsettingsd/xsettingsd.conf
xsettingsd: Reloading configuration
xsettingsd: Loaded 11 settings from /home/rifarch/.config/xsettingsd/xsettingsd.conf
xsettingsd: Reloading configuration
xsettingsd: Loaded 11 settings from /home/rifarch/.config/xsettingsd/xsettingsd.conf
xsettingsd: Reloading configuration
xsettingsd: Loaded 11 settings from /home/rifarch/.config/xsettingsd/xsettingsd.conf
xsettingsd: Reloading configuration
xsettingsd: Loaded 11 settings from /home/rifarch/.config/xsettingsd/xsettingsd.conf
[ Thread-0 ] java.net.UnknownHostException: api.github.com
	at java.base/java.net.AbstractPlainSocketImpl.connect(AbstractPlainSocketImpl.java:220)
	at java.base/java.net.SocksSocketImpl.connect(SocksSocketImpl.java:392)
	at java.base/java.net.Socket.connect(Socket.java:609)
	at java.base/sun.security.ssl.SSLSocketImpl.connect(SSLSocketImpl.java:299)
	at java.base/sun.security.ssl.BaseSSLSocketImpl.connect(BaseSSLSocketImpl.java:173)
	at java.base/sun.net.NetworkClient.doConnect(NetworkClient.java:182)
	at java.base/sun.net.www.http.HttpClient.openServer(HttpClient.java:474)
	at java.base/sun.net.www.http.HttpClient.openServer(HttpClient.java:569)
	at java.base/sun.net.www.protocol.https.HttpsClient.<init>(HttpsClient.java:266)
	at java.base/sun.net.www.protocol.https.HttpsClient.New(HttpsClient.java:373)
	at java.base/sun.net.www.protocol.https.AbstractDelegateHttpsURLConnection.getNewHttpClient(AbstractDelegateHttpsURLConnection.java:203)
	at java.base/sun.net.www.protocol.http.HttpURLConnection.plainConnect0(HttpURLConnection.java:1187)
	at java.base/sun.net.www.protocol.http.HttpURLConnection.plainConnect(HttpURLConnection.java:1081)
	at java.base/sun.net.www.protocol.https.AbstractDelegateHttpsURLConnection.connect(AbstractDelegateHttpsURLConnection.java:189)
	at java.base/sun.net.www.protocol.http.HttpURLConnection.getInputStream0(HttpURLConnection.java:1592)
	at java.base/sun.net.www.protocol.http.HttpURLConnection.getInputStream(HttpURLConnection.java:1520)
	at java.base/java.net.HttpURLConnection.getResponseCode(HttpURLConnection.java:527)
	at java.base/sun.net.www.protocol.https.HttpsURLConnectionImpl.getResponseCode(HttpsURLConnectionImpl.java:334)
	at xdman.network.http.JavaHttpClient.connect(JavaHttpClient.java:45)
	at xdman.util.UpdateChecker.isUpdateAvailable(UpdateChecker.java:94)
	at xdman.util.UpdateChecker.isAppUpdateAvailable(UpdateChecker.java:43)
	at xdman.util.UpdateChecker.getUpdateStat(UpdateChecker.java:25)
	at xdman.QueueScheduler.run(QueueScheduler.java:114)
	at java.base/java.lang.Thread.run(Thread.java:829)
blueman-applet 10.31.10 WARNING  PluginManager:147 __load_plugin: Not loading PPPSupport because its conflict has higher priority
blueman-applet 10.31.10 WARNING  PluginManager:147 __load_plugin: Not loading DhcpClient because its conflict has higher priority
flatpak-Message: 10:31:17.296: Warning: Treating remote fetch error as non-fatal since runtime/org.kde.Platform/x86_64/5.15 is already installed: No such ref 'runtime/org.kde.Platform/x86_64/5.15' in remote flathub
flatpak-Message: 10:31:17.296: Warning: Treating remote fetch error as non-fatal since runtime/org.kde.Platform/x86_64/5.15 is already installed: No such ref 'runtime/org.kde.Platform/x86_64/5.15' in remote flathub
flatpak-Message: 10:31:17.328: Warning: Treating remote fetch error as non-fatal since runtime/org.kde.Platform.Locale/x86_64/5.15 is already installed: No such ref 'runtime/org.kde.Platform.Locale/x86_64/5.15' in remote flathub
flatpak-Message: 10:31:17.329: Warning: Treating remote fetch error as non-fatal since runtime/org.kde.Platform.Locale/x86_64/5.15 is already installed: No such ref 'runtime/org.kde.Platform.Locale/x86_64/5.15' in remote flathub
flatpak-Message: 10:31:17.340: Warning: Treating remote fetch error as non-fatal since runtime/org.freedesktop.Sdk/x86_64/20.08 is already installed: No such ref 'runtime/org.freedesktop.Sdk/x86_64/20.08' in remote flathub
flatpak-Message: 10:31:17.340: Warning: Treating remote fetch error as non-fatal since runtime/org.freedesktop.Sdk/x86_64/20.08 is already installed: No such ref 'runtime/org.freedesktop.Sdk/x86_64/20.08' in remote flathub
flatpak-Message: 10:31:17.376: Warning: Treating remote fetch error as non-fatal since runtime/org.freedesktop.Sdk.Locale/x86_64/20.08 is already installed: No such ref 'runtime/org.freedesktop.Sdk.Locale/x86_64/20.08' in remote flathub
flatpak-Message: 10:31:17.376: Warning: Treating remote fetch error as non-fatal since runtime/org.freedesktop.Sdk.Locale/x86_64/20.08 is already installed: No such ref 'runtime/org.freedesktop.Sdk.Locale/x86_64/20.08' in remote flathub
flatpak-Message: 10:31:17.401: Warning: Treating remote fetch error as non-fatal since runtime/org.freedesktop.Platform/x86_64/20.08 is already installed: No such ref 'runtime/org.freedesktop.Platform/x86_64/20.08' in remote flathub
flatpak-Message: 10:31:17.401: Warning: Treating remote fetch error as non-fatal since runtime/org.freedesktop.Platform/x86_64/20.08 is already installed: No such ref 'runtime/org.freedesktop.Platform/x86_64/20.08' in remote flathub
flatpak-Message: 10:31:17.412: Warning: Treating remote fetch error as non-fatal since runtime/org.freedesktop.Platform.openh264/x86_64/2.0 is already installed: No such ref 'runtime/org.freedesktop.Platform.openh264/x86_64/2.0' in remote flathub
flatpak-Message: 10:31:17.412: Warning: Treating remote fetch error as non-fatal since runtime/org.freedesktop.Platform.openh264/x86_64/2.0 is already installed: No such ref 'runtime/org.freedesktop.Platform.openh264/x86_64/2.0' in remote flathub
flatpak-Message: 10:31:17.419: Warning: Treating remote fetch error as non-fatal since runtime/org.freedesktop.Platform.VAAPI.Intel/x86_64/20.08 is already installed: No such ref 'runtime/org.freedesktop.Platform.VAAPI.Intel/x86_64/20.08' in remote flathub
flatpak-Message: 10:31:17.419: Warning: Treating remote fetch error as non-fatal since runtime/org.freedesktop.Platform.VAAPI.Intel/x86_64/20.08 is already installed: No such ref 'runtime/org.freedesktop.Platform.VAAPI.Intel/x86_64/20.08' in remote flathub
flatpak-Message: 10:31:17.438: Warning: Treating remote fetch error as non-fatal since runtime/org.freedesktop.Platform.Locale/x86_64/20.08 is already installed: No such ref 'runtime/org.freedesktop.Platform.Locale/x86_64/20.08' in remote flathub
flatpak-Message: 10:31:17.438: Warning: Treating remote fetch error as non-fatal since runtime/org.freedesktop.Platform.Locale/x86_64/20.08 is already installed: No such ref 'runtime/org.freedesktop.Platform.Locale/x86_64/20.08' in remote flathub
flatpak-Message: 10:31:17.450: Warning: Treating remote fetch error as non-fatal since runtime/org.freedesktop.Platform.GL.default/x86_64/20.08 is already installed: No such ref 'runtime/org.freedesktop.Platform.GL.default/x86_64/20.08' in remote flathub
flatpak-Message: 10:31:17.450: Warning: Treating remote fetch error as non-fatal since runtime/org.freedesktop.Platform.GL.default/x86_64/20.08 is already installed: No such ref 'runtime/org.freedesktop.Platform.GL.default/x86_64/20.08' in remote flathub
flatpak-Message: 10:31:17.554: Warning: Treating remote fetch error as non-fatal since runtime/org.freedesktop.Platform.Compat.i386/x86_64/20.08 is already installed: No such ref 'runtime/org.freedesktop.Platform.Compat.i386/x86_64/20.08' in remote flathub
flatpak-Message: 10:31:17.554: Warning: Treating remote fetch error as non-fatal since runtime/org.freedesktop.Platform.Compat.i386/x86_64/20.08 is already installed: No such ref 'runtime/org.freedesktop.Platform.Compat.i386/x86_64/20.08' in remote flathub
flatpak-Message: 10:31:17.659: Warning: Treating remote fetch error as non-fatal since app/net.ankiweb.Anki/x86_64/stable is already installed: No such ref 'app/net.ankiweb.Anki/x86_64/stable' in remote flathub
flatpak-Message: 10:31:17.659: Warning: Treating remote fetch error as non-fatal since app/net.ankiweb.Anki/x86_64/stable is already installed: No such ref 'app/net.ankiweb.Anki/x86_64/stable' in remote flathub
flatpak-Message: 10:31:17.677: Warning: Treating remote fetch error as non-fatal since app/com.unity.UnityHub/x86_64/stable is already installed: No such ref 'app/com.unity.UnityHub/x86_64/stable' in remote flathub
flatpak-Message: 10:31:17.677: Warning: Treating remote fetch error as non-fatal since app/com.unity.UnityHub/x86_64/stable is already installed: No such ref 'app/com.unity.UnityHub/x86_64/stable' in remote flathub
flatpak-Message: 10:31:17.713: Warning: Treating remote fetch error as non-fatal since app/com.simplenote.Simplenote/x86_64/stable is already installed: No such ref 'app/com.simplenote.Simplenote/x86_64/stable' in remote flathub
flatpak-Message: 10:31:17.713: Warning: Treating remote fetch error as non-fatal since app/com.simplenote.Simplenote/x86_64/stable is already installed: No such ref 'app/com.simplenote.Simplenote/x86_64/stable' in remote flathub
[1749:1749:1223/104707.088145:ERROR:sandbox_linux.cc(376)] InitializeSandbox() called with multiple threads in process gpu-process.
[1712:1712:1223/104726.334444:ERROR:sharing_service.cc(222)] Device registration failed with fatal error
[1712:1775:1223/104728.689427:ERROR:chrome_browser_main_extra_parts_metrics.cc(226)] crbug.com/1216328: Checking Bluetooth availability started. Please report if there is no report that this ends.
[1712:1775:1223/104728.689501:ERROR:chrome_browser_main_extra_parts_metrics.cc(229)] crbug.com/1216328: Checking Bluetooth availability ended.
[1712:1775:1223/104728.689528:ERROR:chrome_browser_main_extra_parts_metrics.cc(232)] crbug.com/1216328: Checking default browser status started. Please report if there is no report that this ends.
[1712:1775:1223/104741.339102:ERROR:chrome_browser_main_extra_parts_metrics.cc(236)] crbug.com/1216328: Checking default browser status ended.
[1712:1712:1223/104803.367873:ERROR:CONSOLE(0)] "Unchecked runtime.lastError: The message port closed before a response was received.", source: chrome-extension://mpognobbkildjkofajifpdfhcoklimli/browser.html (0)
[1712:1712:1223/104803.367972:ERROR:CONSOLE(0)] "Unchecked runtime.lastError: The message port closed before a response was received.", source: chrome-extension://mpognobbkildjkofajifpdfhcoklimli/browser.html (0)
[1712:1712:1223/104803.368078:ERROR:CONSOLE(0)] "Unchecked runtime.lastError: The message port closed before a response was received.", source: chrome-extension://mpognobbkildjkofajifpdfhcoklimli/browser.html (0)
[1712:1712:1223/104803.368124:ERROR:CONSOLE(0)] "Unchecked runtime.lastError: The message port closed before a response was received.", source: chrome-extension://mpognobbkildjkofajifpdfhcoklimli/browser.html (0)
[1712:1712:1223/104809.098188:ERROR:CONSOLE(0)] "Unchecked runtime.lastError: Could not establish connection. Receiving end does not exist.", source: chrome-extension://mpognobbkildjkofajifpdfhcoklimli/main.html (0)
[1712:1712:1223/104809.098265:ERROR:CONSOLE(0)] "Unchecked runtime.lastError: Could not establish connection. Receiving end does not exist.", source: chrome-extension://mpognobbkildjkofajifpdfhcoklimli/browser.html (0)
[1712:1712:1223/104822.795219:ERROR:CONSOLE(0)] "Unchecked runtime.lastError: Could not establish connection. Receiving end does not exist.", source: chrome-extension://mpognobbkildjkofajifpdfhcoklimli/main.html (0)
[1712:1712:1223/104822.795342:ERROR:CONSOLE(0)] "Unchecked runtime.lastError: Could not establish connection. Receiving end does not exist.", source: chrome-extension://mpognobbkildjkofajifpdfhcoklimli/browser.html (0)
[1712:1712:1223/104842.847914:ERROR:CONSOLE(0)] "Unchecked runtime.lastError: Could not establish connection. Receiving end does not exist.", source: chrome-extension://mpognobbkildjkofajifpdfhcoklimli/main.html (0)
[1712:1712:1223/104842.849635:ERROR:CONSOLE(0)] "Unchecked runtime.lastError: Could not establish connection. Receiving end does not exist.", source: chrome-extension://mpognobbkildjkofajifpdfhcoklimli/browser.html (0)
[1712:1712:1223/104849.070279:ERROR:CONSOLE(0)] "Unchecked runtime.lastError: Could not establish connection. Receiving end does not exist.", source: chrome-extension://mpognobbkildjkofajifpdfhcoklimli/main.html (0)
[1712:1712:1223/104849.070353:ERROR:CONSOLE(0)] "Unchecked runtime.lastError: Could not establish connection. Receiving end does not exist.", source: chrome-extension://mpognobbkildjkofajifpdfhcoklimli/browser.html (0)
[ Thread-3 ] java.io.IOException: Unexpected EOF while reading header line
	at xdman.util.NetUtils.readLine(NetUtils.java:18)
	at xdman.monitoring.Request.read(Request.java:16)
	at xdman.monitoring.MonitoringSession.serviceRequest(MonitoringSession.java:485)
	at xdman.monitoring.MonitoringSession.run(MonitoringSession.java:516)
	at java.base/java.lang.Thread.run(Thread.java:829)
[ Thread-5 ] [ Thread-2 ] java.io.IOException: Unexpected EOF while reading header line
	at xdman.util.NetUtils.readLine(NetUtils.java:18)
	at xdman.monitoring.Request.read(Request.java:16)
	at xdman.monitoring.MonitoringSession.serviceRequest(MonitoringSession.java:485)
	at xdman.monitoring.MonitoringSession.run(MonitoringSession.java:516)
	at java.base/java.lang.Thread.run(Thread.java:829)
[ Thread-4 ] java.io.IOException: Unexpected EOF while reading header line
	at xdman.util.NetUtils.readLine(NetUtils.java:18)
	at xdman.monitoring.Request.read(Request.java:16)
	at xdman.monitoring.MonitoringSession.serviceRequest(MonitoringSession.java:485)
	at xdman.monitoring.MonitoringSession.run(MonitoringSession.java:516)
	at java.base/java.lang.Thread.run(Thread.java:829)
java.io.IOException: Unexpected EOF while reading header line
	at xdman.util.NetUtils.readLine(NetUtils.java:18)
	at xdman.monitoring.Request.read(Request.java:16)
	at xdman.monitoring.MonitoringSession.serviceRequest(MonitoringSession.java:485)
	at xdman.monitoring.MonitoringSession.run(MonitoringSession.java:516)
	at java.base/java.lang.Thread.run(Thread.java:829)
Fontconfig warning: "/etc/mpv/fonts.conf", line 7: Use of ambiguous path in <dir> element. please add prefix="cwd" if current behavior is desired.
Fontconfig warning: "/etc/mpv/fonts.conf", line 7: Use of ambiguous path in <dir> element. please add prefix="cwd" if current behavior is desired.
Fontconfig warning: "/etc/mpv/fonts.conf", line 7: Use of ambiguous path in <dir> element. please add prefix="cwd" if current behavior is desired.
Fontconfig warning: "/etc/mpv/fonts.conf", line 7: Use of ambiguous path in <dir> element. please add prefix="cwd" if current behavior is desired.
[3067:3067:1223/113648.770893:ERROR:sandbox_linux.cc(376)] InitializeSandbox() called with multiple threads in process gpu-process.
[3014:3130:1223/113705.009859:ERROR:chrome_browser_main_extra_parts_metrics.cc(226)] crbug.com/1216328: Checking Bluetooth availability started. Please report if there is no report that this ends.
[3014:3130:1223/113705.009922:ERROR:chrome_browser_main_extra_parts_metrics.cc(229)] crbug.com/1216328: Checking Bluetooth availability ended.
[3014:3130:1223/113705.009945:ERROR:chrome_browser_main_extra_parts_metrics.cc(232)] crbug.com/1216328: Checking default browser status started. Please report if there is no report that this ends.
[3014:3014:1223/113712.321851:ERROR:sharing_service.cc(222)] Device registration failed with fatal error
[3014:3130:1223/113715.726750:ERROR:chrome_browser_main_extra_parts_metrics.cc(236)] crbug.com/1216328: Checking default browser status ended.
[3014:3014:1223/113730.219223:ERROR:CONSOLE(0)] "Unchecked runtime.lastError: The message port closed before a response was received.", source: chrome-extension://mpognobbkildjkofajifpdfhcoklimli/browser.html (0)
[3014:3014:1223/113730.219470:ERROR:CONSOLE(0)] "Unchecked runtime.lastError: The message port closed before a response was received.", source: chrome-extension://mpognobbkildjkofajifpdfhcoklimli/browser.html (0)
[3014:3014:1223/113730.219531:ERROR:CONSOLE(0)] "Unchecked runtime.lastError: The message port closed before a response was received.", source: chrome-extension://mpognobbkildjkofajifpdfhcoklimli/browser.html (0)
[3014:3014:1223/113730.219585:ERROR:CONSOLE(0)] "Unchecked runtime.lastError: The message port closed before a response was received.", source: chrome-extension://mpognobbkildjkofajifpdfhcoklimli/browser.html (0)
[3014:3014:1223/113730.231621:ERROR:CONSOLE(0)] "Unchecked runtime.lastError: The message port closed before a response was received.", source: chrome-extension://mpognobbkildjkofajifpdfhcoklimli/browser.html (0)
[3072:3075:1223/113814.098774:ERROR:ssl_client_socket_impl.cc(983)] handshake failed; returned -1, SSL error code 1, net_error -100
[3072:3075:1223/113824.566883:ERROR:ssl_client_socket_impl.cc(983)] handshake failed; returned -1, SSL error code 1, net_error -100
[3014:3014:1223/113856.979805:ERROR:CONSOLE(0)] "Unchecked runtime.lastError: The message port closed before a response was received.", source: chrome-extension://mpognobbkildjkofajifpdfhcoklimli/browser.html (0)
[3014:3014:1223/113856.980330:ERROR:CONSOLE(0)] "Unchecked runtime.lastError: The message port closed before a response was received.", source: chrome-extension://mpognobbkildjkofajifpdfhcoklimli/main.html (0)
[ Thread-8 ] [ Thread-6 ] java.io.IOException: Unexpected EOF while reading header line
	at xdman.util.NetUtils.readLine(NetUtils.java:18)
	at xdman.monitoring.Request.read(Request.java:16)
	at xdman.monitoring.MonitoringSession.serviceRequest(MonitoringSession.java:485)
	at xdman.monitoring.MonitoringSession.run(MonitoringSession.java:516)
	at java.base/java.lang.Thread.run(Thread.java:829)
java.io.IOException: Unexpected EOF while reading header line
	at xdman.util.NetUtils.readLine(NetUtils.java:18)
	at xdman.monitoring.Request.read(Request.java:16)
	at xdman.monitoring.MonitoringSession.serviceRequest(MonitoringSession.java:485)
	at xdman.monitoring.MonitoringSession.run(MonitoringSession.java:516)
	at java.base/java.lang.Thread.run(Thread.java:829)
[ Thread-9 ] java.io.IOException: Unexpected EOF while reading header line
	at xdman.util.NetUtils.readLine(NetUtils.java:18)
	at xdman.monitoring.Request.read(Request.java:16)
	at xdman.monitoring.MonitoringSession.serviceRequest(MonitoringSession.java:485)
	at xdman.monitoring.MonitoringSession.run(MonitoringSession.java:516)
	at java.base/java.lang.Thread.run(Thread.java:829)
[ Thread-10 ] java.io.IOException: Unexpected EOF while reading header line
	at xdman.util.NetUtils.readLine(NetUtils.java:18)
	at xdman.monitoring.Request.read(Request.java:16)
	at xdman.monitoring.MonitoringSession.serviceRequest(MonitoringSession.java:485)
	at xdman.monitoring.MonitoringSession.run(MonitoringSession.java:516)
	at java.base/java.lang.Thread.run(Thread.java:829)
[3455:1:1223/121108.702466:ERROR:vivaldi_snapshot_page.cc(77)] empty visible content rect
[3014:3014:1223/121108.706582:ERROR:capture_page.cc(152)] no data from the renderer process
[3014:3014:1223/121108.707581:ERROR:thumbnails_api.cc(491)] Failed to capture tab https://www.wanikani.com/dashboard
[ Thread-7 ] java.io.IOException: Unexpected EOF while reading header line
	at xdman.util.NetUtils.readLine(NetUtils.java:18)
	at xdman.monitoring.Request.read(Request.java:16)
	at xdman.monitoring.MonitoringSession.serviceRequest(MonitoringSession.java:485)
	at xdman.monitoring.MonitoringSession.run(MonitoringSession.java:516)
	at java.base/java.lang.Thread.run(Thread.java:829)
[3014:3014:1223/121802.388783:ERROR:CONSOLE(0)] "Unchecked runtime.lastError: Could not establish connection. Receiving end does not exist.", source: chrome-extension://mpognobbkildjkofajifpdfhcoklimli/browser.html (0)
[3014:3014:1223/121802.389025:ERROR:CONSOLE(0)] "Unchecked runtime.lastError: Could not establish connection. Receiving end does not exist.", source: chrome-extension://mpognobbkildjkofajifpdfhcoklimli/main.html (0)
[ Thread-11 ] java.io.IOException: Unexpected EOF while reading header line
	at xdman.util.NetUtils.readLine(NetUtils.java:18)
	at xdman.monitoring.Request.read(Request.java:16)
	at xdman.monitoring.MonitoringSession.serviceRequest(MonitoringSession.java:485)
	at xdman.monitoring.MonitoringSession.run(MonitoringSession.java:516)
	at java.base/java.lang.Thread.run(Thread.java:829)
[3014:3014:1223/122544.736804:ERROR:CONSOLE(0)] "Unchecked runtime.lastError: Could not establish connection. Receiving end does not exist.", source: chrome-extension://mpognobbkildjkofajifpdfhcoklimli/browser.html (0)
[3014:3014:1223/122544.737427:ERROR:CONSOLE(0)] "Unchecked runtime.lastError: Could not establish connection. Receiving end does not exist.", source: chrome-extension://mpognobbkildjkofajifpdfhcoklimli/main.html (0)
[ Thread-12 ] java.io.IOException: Unexpected EOF while reading header line
	at xdman.util.NetUtils.readLine(NetUtils.java:18)
	at xdman.monitoring.Request.read(Request.java:16)
	at xdman.monitoring.MonitoringSession.serviceRequest(MonitoringSession.java:485)
	at xdman.monitoring.MonitoringSession.run(MonitoringSession.java:516)
	at java.base/java.lang.Thread.run(Thread.java:829)
Fontconfig error: Cannot load default config file: No such file: (null)
[3014:3014:1223/122554.881372:ERROR:CONSOLE(0)] "Unchecked runtime.lastError: Could not establish connection. Receiving end does not exist.", source: chrome-extension://mpognobbkildjkofajifpdfhcoklimli/browser.html (0)
[3014:3014:1223/122554.881700:ERROR:CONSOLE(0)] "Unchecked runtime.lastError: Could not establish connection. Receiving end does not exist.", source: chrome-extension://mpognobbkildjkofajifpdfhcoklimli/main.html (0)
[3014:3014:1223/122613.989951:ERROR:CONSOLE(0)] "Unchecked runtime.lastError: Could not establish connection. Receiving end does not exist.", source: chrome-extension://mpognobbkildjkofajifpdfhcoklimli/browser.html (0)
[3014:3014:1223/122613.990219:ERROR:CONSOLE(0)] "Unchecked runtime.lastError: Could not establish connection. Receiving end does not exist.", source: chrome-extension://mpognobbkildjkofajifpdfhcoklimli/main.html (0)
[3014:3014:1223/123636.058859:ERROR:CONSOLE(0)] "Unchecked runtime.lastError: The browser is shutting down.", source: chrome-extension://mpognobbkildjkofajifpdfhcoklimli/_generated_background_page.html (0)
[3014:3014:1223/123636.059585:ERROR:CONSOLE(0)] "Uncaught (in promise) Error: The browser is shutting down.", source: chrome-extension://mpognobbkildjkofajifpdfhcoklimli/_generated_background_page.html (0)
[3014:3014:1223/123636.059857:ERROR:CONSOLE(1)] "Uncaught (in promise) Error: The browser is shutting down.", source: chrome-extension://mpognobbkildjkofajifpdfhcoklimli/background-bundle.js (1)
[ Thread-13 ] java.io.IOException: Unexpected EOF while reading header line
	at xdman.util.NetUtils.readLine(NetUtils.java:18)
	at xdman.monitoring.Request.read(Request.java:16)
	at xdman.monitoring.MonitoringSession.serviceRequest(MonitoringSession.java:485)
	at xdman.monitoring.MonitoringSession.run(MonitoringSession.java:516)
	at java.base/java.lang.Thread.run(Thread.java:829)
[357 12:44:16.024935] Ignoring unknown config key: font_size_delta
