Mono path[0] = '/home/rifarch/.local/share/Steam/steamapps/common/Muck/Muck_Data/Managed'
Mono config path = '/home/rifarch/.local/share/Steam/steamapps/common/Muck/Muck_Data/MonoBleedingEdge/etc'
Preloaded 'libsteam_api.so'
Display 0 '0': 1366x768 (primary device).
Desktop is 1366 x 768 @ 60 Hz
Initialize engine version: 2019.4.19f1 (ca5b14067cec)
[Subsystems] Discovering subsystems at path /home/rifarch/.local/share/Steam/steamapps/common/Muck/Muck_Data/UnitySubsystems
GfxDevice: creating device client; threaded=1
Renderer: Mesa Intel(R) HD Graphics 620 (KBL GT2)
Vendor:   Intel
Version:  4.6 (Core Profile) Mesa 21.2.5
GLES:     0
 GL_3DFX_texture_compression_FXT1 GL_AMD_conservative_depth GL_AMD_depth_clamp_separate GL_AMD_draw_buffers_blend GL_AMD_gpu_shader_int64 GL_AMD_multi_draw_indirect GL_AMD_performance_monitor GL_AMD_pinned_memory GL_AMD_query_buffer_object GL_AMD_seamless_cubemap_per_texture GL_AMD_shader_stencil_export GL_AMD_shader_trinary_minmax GL_AMD_texture_texture4 GL_AMD_vertex_shader_layer GL_AMD_vertex_shader_viewport_index GL_ANGLE_texture_compression_dxt3 GL_ANGLE_texture_compression_dxt5 GL_ARB_ES2_compatibility GL_ARB_ES3_1_compatibility GL_ARB_ES3_2_compatibility GL_ARB_ES3_compatibility GL_ARB_arrays_of_arrays GL_ARB_base_instance GL_ARB_blend_func_extended GL_ARB_buffer_storage GL_ARB_clear_buffer_object GL_ARB_clear_texture GL_ARB_clip_control GL_ARB_compressed_texture_pixel_storage GL_ARB_compute_shader GL_ARB_compute_variable_group_size GL_ARB_conditional_render_inverted GL_ARB_conservative_depth GL_ARB_copy_buffer GL_ARB_copy_image GL_ARB_cull_distance GL_ARB_debug_output GL_ARB_depth_buffer_float GL_ARB
_depth_clamp GL_ARB_derivative_control GL_ARB_direct_state_access GL_ARB_draw_buffers GL_ARB_draw_buffers_blend GL_ARB_draw_elements_base_vertex GL_ARB_draw_indirect GL_ARB_draw_instanced GL_ARB_enhanced_layouts GL_ARB_explicit_attrib_location GL_ARB_explicit_uniform_location GL_ARB_fragment_coord_conventions GL_ARB_fragment_layer_viewport GL_ARB_fragment_shader GL_ARB_fragment_shader_interlock GL_ARB_framebuffer_no_attachments GL_ARB_framebuffer_object GL_ARB_framebuffer_sRGB GL_ARB_get_program_binary GL_ARB_get_texture_sub_image GL_ARB_gl_spirv GL_ARB_gpu_shader5 GL_ARB_gpu_shader_fp64 GL_ARB_gpu_shader_int64 GL_ARB_half_float_pixel GL_ARB_half_float_vertex GL_ARB_indirect_parameters GL_ARB_instanced_arrays GL_ARB_internalformat_query GL_ARB_internalformat_query2 GL_ARB_invalidate_subdata GL_ARB_map_buffer_alignment GL_ARB_map_buffer_range GL_ARB_multi_bind GL_ARB_multi_draw_indirect GL_ARB_occlusion_query2 GL_ARB_parallel_shader_compile GL_ARB_pipeline_statistics_query GL_ARB_pixel_buffer_object GL_ARB_po
int_sprite GL_ARB_polygon_offset_clamp GL_ARB_post_depth_coverage GL_ARB_program_interface_query GL_ARB_provoking_vertex GL_ARB_query_buffer_object GL_ARB_robust_buffer_access_behavior GL_ARB_robustness GL_ARB_sample_shading GL_ARB_sampler_objects GL_ARB_seamless_cube_map GL_ARB_seamless_cubemap_per_texture GL_ARB_separate_shader_objects GL_ARB_shader_atomic_counter_ops GL_ARB_shader_atomic_counters GL_ARB_shader_ballot GL_ARB_shader_bit_encoding GL_ARB_shader_clock GL_ARB_shader_draw_parameters GL_ARB_shader_group_vote GL_ARB_shader_image_load_store GL_ARB_shader_image_size GL_ARB_shader_objects GL_ARB_shader_precision GL_ARB_shader_stencil_export GL_ARB_shader_storage_buffer_object GL_ARB_shader_subroutine GL_ARB_shader_texture_image_samples GL_ARB_shader_texture_lod GL_ARB_shader_viewport_layer_array GL_ARB_shading_language_420pack GL_ARB_shading_language_include GL_ARB_shading_language_packing GL_ARB_spirv_extensions GL_ARB_stencil_texturing GL_ARB_sync GL_ARB_tessellation_shader GL_ARB_texture_barrier G
L_ARB_texture_buffer_object GL_ARB_texture_buffer_object_rgb32 GL_ARB_texture_buffer_range GL_ARB_texture_compression_bptc GL_ARB_texture_compression_rgtc GL_ARB_texture_cube_map_array GL_ARB_texture_filter_anisotropic GL_ARB_texture_float GL_ARB_texture_gather GL_ARB_texture_mirror_clamp_to_edge GL_ARB_texture_multisample GL_ARB_texture_non_power_of_two GL_ARB_texture_query_levels GL_ARB_texture_query_lod GL_ARB_texture_rectangle GL_ARB_texture_rg GL_ARB_texture_rgb10_a2ui GL_ARB_texture_stencil8 GL_ARB_texture_storage GL_ARB_texture_storage_multisample GL_ARB_texture_swizzle GL_ARB_texture_view GL_ARB_timer_query GL_ARB_transform_feedback2 GL_ARB_transform_feedback3 GL_ARB_transform_feedback_instanced GL_ARB_transform_feedback_overflow_query GL_ARB_uniform_buffer_object GL_ARB_vertex_array_bgra GL_ARB_vertex_array_object GL_ARB_vertex_attrib_64bit GL_ARB_vertex_attrib_binding GL_ARB_vertex_buffer_object GL_ARB_vertex_shader GL_ARB_vertex_type_10f_11f_11f_rev GL_ARB_vertex_type_2_10_10_10_rev GL_ARB_viewpor
t_array GL_ATI_blend_equation_separate GL_ATI_texture_float GL_EXT_EGL_image_storage GL_EXT_EGL_sync GL_EXT_abgr GL_EXT_blend_equation_separate GL_EXT_demote_to_helper_invocation GL_EXT_draw_buffers2 GL_EXT_draw_instanced GL_EXT_framebuffer_blit GL_EXT_framebuffer_multisample GL_EXT_framebuffer_multisample_blit_scaled GL_EXT_framebuffer_object GL_EXT_framebuffer_sRGB GL_EXT_memory_object GL_EXT_memory_object_fd GL_EXT_packed_depth_stencil GL_EXT_packed_float GL_EXT_pixel_buffer_object GL_EXT_polygon_offset_clamp GL_EXT_provoking_vertex GL_EXT_semaphore GL_EXT_semaphore_fd GL_EXT_shader_framebuffer_fetch GL_EXT_shader_framebuffer_fetch_non_coherent GL_EXT_shader_integer_mix GL_EXT_shader_samples_identical GL_EXT_texture_array GL_EXT_texture_compression_dxt1 GL_EXT_texture_compression_rgtc GL_EXT_texture_compression_s3tc GL_EXT_texture_filter_anisotropic GL_EXT_texture_integer GL_EXT_texture_sRGB GL_EXT_texture_sRGB_R8 GL_EXT_texture_sRGB_decode GL_EXT_texture_shadow_lod GL_EXT_texture_shared_exponent GL_EXT_t
exture_snorm GL_EXT_texture_swizzle GL_EXT_timer_query GL_EXT_transform_feedback GL_EXT_vertex_array_bgra GL_EXT_vertex_attrib_64bit GL_IBM_multimode_draw_arrays GL_INTEL_blackhole_render GL_INTEL_conservative_rasterization GL_INTEL_performance_query GL_INTEL_shader_atomic_float_minmax GL_INTEL_shader_integer_functions2 GL_KHR_blend_equation_advanced GL_KHR_blend_equation_advanced_coherent GL_KHR_context_flush_control GL_KHR_debug GL_KHR_no_error GL_KHR_parallel_shader_compile GL_KHR_robust_buffer_access_behavior GL_KHR_robustness GL_KHR_texture_compression_astc_ldr GL_KHR_texture_compression_astc_sliced_3d GL_MESA_framebuffer_flip_y GL_MESA_pack_invert GL_MESA_shader_integer_functions GL_MESA_texture_signed_rgba GL_NV_compute_shader_derivatives GL_NV_conditional_render GL_NV_copy_image GL_NV_depth_clamp GL_NV_fragment_shader_interlock GL_NV_packed_depth_stencil GL_NV_texture_barrier GL_OES_EGL_image GL_S3_s3tc
OPENGL LOG: Creating OpenGL 4.6 graphics device ; Context level  <OpenGL 4.5> ; Context handle 10463808
Begin MonoManager ReloadAssembly
- Completed reload, in  0.726 seconds
Default vsync count 0
requesting resize 1366 x 768
Using native desktop resolution 1366 x 768
requesting fullscreen 1366 x 768 at 0 Hz
Desktop is 1366 x 768 @ 60 Hz
UnloadTime: 52.503467 ms
DontDestroyOnLoad only works for root GameObjects or components on root GameObjects. 
(Filename:  Line: 606)

DontDestroyOnLoad only works for root GameObjects or components on root GameObjects. 
(Filename:  Line: 606)

[S_API] SteamAPI_Init(): Loaded '/home/rifarch/.local/share/Steam/linux64/steamclient.so' OK.
Setting breakpad minidump AppID = 1625450
SteamInternal_SetMinidumpSteamID:  Caching Steam ID:  76561199191633672 [API loaded no]
Steam initialized: Chrollo Vidar 
(Filename: ./Runtime/Export/Debug/Debug.bindings.h Line: 35)

updates sens to: 1.16 
(Filename: ./Runtime/Export/Debug/Debug.bindings.h Line: 35)

Setting grass to: True 
(Filename: ./Runtime/Export/Debug/Debug.bindings.h Line: 35)

Setting tutorial to: True 
(Filename: ./Runtime/Export/Debug/Debug.bindings.h Line: 35)

updating shadow quality 
(Filename: ./Runtime/Export/Debug/Debug.bindings.h Line: 35)

updating shadow res 
(Filename: ./Runtime/Export/Debug/Debug.bindings.h Line: 35)

updating shadow cascades 
(Filename: ./Runtime/Export/Debug/Debug.bindings.h Line: 35)

updating shadow distance 
(Filename: ./Runtime/Export/Debug/Debug.bindings.h Line: 35)

updating texture quality 
(Filename: ./Runtime/Export/Debug/Debug.bindings.h Line: 35)

updating AA 
(Filename: ./Runtime/Export/Debug/Debug.bindings.h Line: 35)

updating soft particles 
(Filename: ./Runtime/Export/Debug/Debug.bindings.h Line: 35)

updating bloom 
(Filename: ./Runtime/Export/Debug/Debug.bindings.h Line: 35)

updating motion blur 
(Filename: ./Runtime/Export/Debug/Debug.bindings.h Line: 35)

updating AO 
(Filename: ./Runtime/Export/Debug/Debug.bindings.h Line: 35)

Updated screen resoltion 
(Filename: ./Runtime/Export/Debug/Debug.bindings.h Line: 35)

updated fullscreen 
(Filename: ./Runtime/Export/Debug/Debug.bindings.h Line: 35)

updated vsync 
(Filename: ./Runtime/Export/Debug/Debug.bindings.h Line: 35)

updated fullscreenmode 
(Filename: ./Runtime/Export/Debug/Debug.bindings.h Line: 35)

updated fps limit 
(Filename: ./Runtime/Export/Debug/Debug.bindings.h Line: 35)

updated volume 
(Filename: ./Runtime/Export/Debug/Debug.bindings.h Line: 35)

updated music 
(Filename: ./Runtime/Export/Debug/Debug.bindings.h Line: 35)

Initializing packets. 
(Filename: ./Runtime/Export/Debug/Debug.bindings.h Line: 35)

Muck started: 16 
(Filename: ./Runtime/Export/Debug/Debug.bindings.h Line: 35)

requesting resize 1366 x 768
Using native desktop resolution 1366 x 768
requesting fullscreen 1366 x 768 at 144 Hz
Desktop is 1366 x 768 @ 60 Hz
Lobby created but not correctly instantiated 
(Filename: ./Runtime/Export/Debug/Debug.bindings.h Line: 35)

Failed to create multiplayer lobby 
(Filename: ./Runtime/Export/Debug/Debug.bindings.h Line: 35)

System.Exception: Exception of type 'System.Exception' was thrown.
  at SteamManager+<CreateLobby>d__57.MoveNext () [0x00086] in <67f488ac102f478da1b726e8e3339fbe>:0  
(Filename: ./Runtime/Export/Debug/Debug.bindings.h Line: 35)

Attempting to reconnect to Steam 
(Filename: ./Runtime/Export/Debug/Debug.bindings.h Line: 35)

Error connecting to Steam 
(Filename: ./Runtime/Export/Debug/Debug.bindings.h Line: 35)

System.Exception: Calling SteamClient.Init but is already initialized
  at Steamworks.SteamClient.Init (System.UInt32 appid, System.Boolean asyncCallbacks) [0x0000a] in <e385b4c78c0940819c8b38e56fb84260>:0 
  at SteamManager.TryToReconnectToSteam () [0x0000a] in <67f488ac102f478da1b726e8e3339fbe>:0  
(Filename: ./Runtime/Export/Debug/Debug.bindings.h Line: 35)

lobbyu created opkay 
(Filename: ./Runtime/Export/Debug/Debug.bindings.h Line: 35)

lobby creation result not ok 
(Filename: ./Runtime/Export/Debug/Debug.bindings.h Line: 35)

NoConnection 
(Filename: ./Runtime/Export/Debug/Debug.bindings.h Line: 35)

on version:  
(Filename: ./Runtime/Export/Debug/Debug.bindings.h Line: 35)

initing lobby 
(Filename: ./Runtime/Export/Debug/Debug.bindings.h Line: 35)

Found available id in steam as: 0, steam name: Chrollo Vidar 
(Filename: ./Runtime/Export/Debug/Debug.bindings.h Line: 35)

finished adding player 
(Filename: ./Runtime/Export/Debug/Debug.bindings.h Line: 35)

Lobby created but not correctly instantiated 
(Filename: ./Runtime/Export/Debug/Debug.bindings.h Line: 35)

Failed to create multiplayer lobby 
(Filename: ./Runtime/Export/Debug/Debug.bindings.h Line: 35)

System.Exception: Exception of type 'System.Exception' was thrown.
  at SteamManager+<CreateLobby>d__57.MoveNext () [0x00086] in <67f488ac102f478da1b726e8e3339fbe>:0  
(Filename: ./Runtime/Export/Debug/Debug.bindings.h Line: 35)

Attempting to reconnect to Steam 
(Filename: ./Runtime/Export/Debug/Debug.bindings.h Line: 35)

Error connecting to Steam 
(Filename: ./Runtime/Export/Debug/Debug.bindings.h Line: 35)

System.Exception: Calling SteamClient.Init but is already initialized
  at Steamworks.SteamClient.Init (System.UInt32 appid, System.Boolean asyncCallbacks) [0x0000a] in <e385b4c78c0940819c8b38e56fb84260>:0 
  at SteamManager.TryToReconnectToSteam () [0x0000a] in <67f488ac102f478da1b726e8e3339fbe>:0  
(Filename: ./Runtime/Export/Debug/Debug.bindings.h Line: 35)

lobbyu created opkay 
(Filename: ./Runtime/Export/Debug/Debug.bindings.h Line: 35)

lobby creation result not ok 
(Filename: ./Runtime/Export/Debug/Debug.bindings.h Line: 35)

NoConnection 
(Filename: ./Runtime/Export/Debug/Debug.bindings.h Line: 35)

on version:  
(Filename: ./Runtime/Export/Debug/Debug.bindings.h Line: 35)

initing lobby 
(Filename: ./Runtime/Export/Debug/Debug.bindings.h Line: 35)

Found available id in steam as: 0, steam name: Chrollo Vidar 
(Filename: ./Runtime/Export/Debug/Debug.bindings.h Line: 35)

finished adding player 
(Filename: ./Runtime/Export/Debug/Debug.bindings.h Line: 35)

Lobby created but not correctly instantiated 
(Filename: ./Runtime/Export/Debug/Debug.bindings.h Line: 35)

Failed to create multiplayer lobby 
(Filename: ./Runtime/Export/Debug/Debug.bindings.h Line: 35)

System.Exception: Exception of type 'System.Exception' was thrown.
  at SteamManager+<CreateLobby>d__57.MoveNext () [0x00086] in <67f488ac102f478da1b726e8e3339fbe>:0  
(Filename: ./Runtime/Export/Debug/Debug.bindings.h Line: 35)

Attempting to reconnect to Steam 
(Filename: ./Runtime/Export/Debug/Debug.bindings.h Line: 35)

Error connecting to Steam 
(Filename: ./Runtime/Export/Debug/Debug.bindings.h Line: 35)

System.Exception: Calling SteamClient.Init but is already initialized
  at Steamworks.SteamClient.Init (System.UInt32 appid, System.Boolean asyncCallbacks) [0x0000a] in <e385b4c78c0940819c8b38e56fb84260>:0 
  at SteamManager.TryToReconnectToSteam () [0x0000a] in <67f488ac102f478da1b726e8e3339fbe>:0  
(Filename: ./Runtime/Export/Debug/Debug.bindings.h Line: 35)

lobbyu created opkay 
(Filename: ./Runtime/Export/Debug/Debug.bindings.h Line: 35)

lobby creation result not ok 
(Filename: ./Runtime/Export/Debug/Debug.bindings.h Line: 35)

NoConnection 
(Filename: ./Runtime/Export/Debug/Debug.bindings.h Line: 35)

on version:  
(Filename: ./Runtime/Export/Debug/Debug.bindings.h Line: 35)

initing lobby 
(Filename: ./Runtime/Export/Debug/Debug.bindings.h Line: 35)

Found available id in steam as: 0, steam name: Chrollo Vidar 
(Filename: ./Runtime/Export/Debug/Debug.bindings.h Line: 35)

finished adding player 
(Filename: ./Runtime/Export/Debug/Debug.bindings.h Line: 35)

Steam lobby doesn't exist... 
(Filename: ./Runtime/Export/Debug/Debug.bindings.h Line: 35)

Error leaving current lobby 
(Filename: ./Runtime/Export/Debug/Debug.bindings.h Line: 35)

Error closing P2P session with opponent 
(Filename: ./Runtime/Export/Debug/Debug.bindings.h Line: 35)

Setting up 2 worker threads for Enlighten.
  Thread -> id: 7f8dfdaf7640 -> priority: 1 
  Thread -> id: 7f8df2b1e640 -> priority: 1 
