[2021-12-11 16:29:07.145] [exthost] [info] Extension host with pid 12287 started
[2021-12-11 16:29:07.145] [exthost] [info] Skipping acquiring lock for /home/rifarch/.config/Code - OSS/User/workspaceStorage/383a75df6725de867999341b0932c56d.
[2021-12-11 16:29:07.200] [exthost] [info] ExtensionService#_doActivateExtension vscode.debug-auto-launch, startup: true, activationEvent: '*'
[2021-12-11 16:29:07.231] [exthost] [info] ExtensionService#_doActivateExtension vscode.git, startup: true, activationEvent: '*', root cause: vscode.github
[2021-12-11 16:29:08.305] [exthost] [info] ExtensionService#_doActivateExtension vscode.configuration-editing, startup: false, activationEvent: 'onLanguage:jsonc'
[2021-12-11 16:29:09.127] [exthost] [info] ExtensionService#_doActivateExtension vscode.json-language-features, startup: false, activationEvent: 'onLanguage:jsonc'
[2021-12-11 16:29:09.811] [exthost] [info] ExtensionService#_doActivateExtension vscode.typescript-language-features, startup: false, activationEvent: 'onLanguage:jsonc'
[2021-12-11 16:29:10.088] [exthost] [info] ExtensionService#_doActivateExtension vscode.github, startup: true, activationEvent: '*'
[2021-12-11 16:29:10.765] [exthost] [info] Eager extensions activated
[2021-12-11 16:29:10.771] [exthost] [info] ExtensionService#_doActivateExtension vscode.merge-conflict, startup: false, activationEvent: 'onStartupFinished'
[2021-12-11 16:29:11.098] [exthost] [info] ExtensionService#_doActivateExtension PKief.material-icon-theme, startup: false, activationEvent: 'onStartupFinished'
[2021-12-11 16:29:20.302] [exthost] [info] ExtensionService#_doActivateExtension vscode.extension-editing, startup: false, activationEvent: 'onLanguage:markdown'
[2021-12-11 16:29:20.633] [exthost] [info] ExtensionService#_doActivateExtension vscode.markdown-language-features, startup: false, activationEvent: 'onLanguage:markdown'
[2021-12-11 16:29:21.389] [exthost] [info] ExtensionService#_doActivateExtension vscode.markdown-math, startup: false, activationEvent: 'api', root cause: vscode.markdown-language-features
[2021-12-11 16:33:42.986] [exthost] [info] ExtensionService#_doActivateExtension vscode.npm, startup: false, activationEvent: 'onLanguage:json'
[2021-12-11 16:34:14.092] [exthost] [info] ExtensionService#_doActivateExtension DavidAnson.vscode-markdownlint, startup: false, activationEvent: 'onLanguage:markdown'
[2021-12-11 16:41:17.352] [exthost] [info] ExtensionService#_doActivateExtension yzhang.markdown-all-in-one, startup: false, activationEvent: 'api', root cause: vscode.markdown-language-features
[2021-12-11 16:46:00.522] [exthost] [info] ExtensionService#_doActivateExtension esbenp.prettier-vscode, startup: false, activationEvent: 'onStartupFinished'
[2021-12-11 16:48:15.939] [exthost] [info] ExtensionService#_doActivateExtension foam.foam-vscode, startup: false, activationEvent: 'api', root cause: vscode.markdown-language-features
[2021-12-11 16:48:16.989] [exthost] [info] ExtensionService#_doActivateExtension kisstkondoros.vscode-gutter-preview, startup: false, activationEvent: '*'
[2021-12-11 16:48:17.153] [exthost] [info] ExtensionService#_doActivateExtension darkriszty.markdown-table-prettify, startup: false, activationEvent: 'onStartupFinished'
[2021-12-11 16:48:19.122] [exthost] [info] ExtensionService#_doActivateExtension zaaack.markdown-editor, startup: false, activationEvent: 'onLanguage:markdown'
[2021-12-11 16:48:19.165] [exthost] [info] ExtensionService#_doActivateExtension eliostruyf.vscode-front-matter, startup: false, activationEvent: '*'
[2021-12-11 17:03:21.661] [exthost] [info] extension host terminating: renderer closed the socket
[2021-12-11 17:03:21.788] [exthost] [error] Canceled: Canceled
	at Object.i [as canceled] (/usr/lib/code/out/vs/workbench/services/extensions/node/extensionHostProcess.js:5:1157)
	at n._remoteCall (/usr/lib/code/out/vs/workbench/services/extensions/node/extensionHostProcess.js:98:13876)
	at Proxy.x.<computed>.F.charCodeAt.x.<computed> (/usr/lib/code/out/vs/workbench/services/extensions/node/extensionHostProcess.js:98:10271)
	at P.showMessage (/usr/lib/code/out/vs/workbench/services/extensions/node/extensionHostProcess.js:94:211859)
	at Object.showErrorMessage (/usr/lib/code/out/vs/workbench/services/extensions/node/extensionHostProcess.js:103:29830)
	at /usr/lib/code/extensions/git/dist/main.js:2:895974
	at processTicksAndRejections (internal/process/task_queues.js:93:5)
	at async o._executeContributedCommand (/usr/lib/code/out/vs/workbench/services/extensions/node/extensionHostProcess.js:94:111743) git.commit {"value":"vscode.git","_lower":"vscode.git"}
[2021-12-11 17:03:22.722] [exthost] [info] Extension host with pid 12287 exiting with code 0
